<?xml version="1.0" encoding="UTF-8"?>
<testsuite name="com.elearning.kotlinspringapp.service.UserServiceIMLTest" tests="1" skipped="0" failures="0" errors="0" timestamp="2022-11-06T02:42:52" hostname="DESKTOP-0TRUU98" time="0.679">
  <properties/>
  <testcase name="getUser()" classname="com.elearning.kotlinspringapp.service.UserServiceIMLTest" time="0.679"/>
  <system-out><![CDATA[11:42:44.587 [Test worker] DEBUG org.springframework.test.context.BootstrapUtils - Instantiating CacheAwareContextLoaderDelegate from class [org.springframework.test.context.cache.DefaultCacheAwareContextLoaderDelegate]
11:42:44.602 [Test worker] DEBUG org.springframework.test.context.BootstrapUtils - Instantiating BootstrapContext using constructor [public org.springframework.test.context.support.DefaultBootstrapContext(java.lang.Class,org.springframework.test.context.CacheAwareContextLoaderDelegate)]
11:42:44.643 [Test worker] DEBUG org.springframework.test.context.BootstrapUtils - Instantiating TestContextBootstrapper for test class [com.elearning.kotlinspringapp.service.UserServiceIMLTest] from class [org.springframework.boot.test.context.SpringBootTestContextBootstrapper]
11:42:44.657 [Test worker] INFO org.springframework.boot.test.context.SpringBootTestContextBootstrapper - Neither @ContextConfiguration nor @ContextHierarchy found for test class [com.elearning.kotlinspringapp.service.UserServiceIMLTest], using SpringBootContextLoader
11:42:44.662 [Test worker] DEBUG org.springframework.test.context.support.AbstractContextLoader - Did not detect default resource location for test class [com.elearning.kotlinspringapp.service.UserServiceIMLTest]: class path resource [com/elearning/kotlinspringapp/service/UserServiceIMLTest-context.xml] does not exist
11:42:44.663 [Test worker] DEBUG org.springframework.test.context.support.AbstractContextLoader - Did not detect default resource location for test class [com.elearning.kotlinspringapp.service.UserServiceIMLTest]: class path resource [com/elearning/kotlinspringapp/service/UserServiceIMLTestContext.groovy] does not exist
11:42:44.664 [Test worker] INFO org.springframework.test.context.support.AbstractContextLoader - Could not detect default resource locations for test class [com.elearning.kotlinspringapp.service.UserServiceIMLTest]: no resource found for suffixes {-context.xml, Context.groovy}.
11:42:44.665 [Test worker] INFO org.springframework.test.context.support.AnnotationConfigContextLoaderUtils - Could not detect default configuration classes for test class [com.elearning.kotlinspringapp.service.UserServiceIMLTest]: UserServiceIMLTest does not declare any static, non-private, non-final, nested classes annotated with @Configuration.
11:42:44.738 [Test worker] DEBUG org.springframework.test.context.support.ActiveProfilesUtils - Could not find an 'annotation declaring class' for annotation type [org.springframework.test.context.ActiveProfiles] and class [com.elearning.kotlinspringapp.service.UserServiceIMLTest]
11:42:44.824 [Test worker] DEBUG org.springframework.context.annotation.ClassPathScanningCandidateComponentProvider - Identified candidate component class: file [C:\KotlinProject\KotlinSpringApp\build\classes\kotlin\main\com\elearning\kotlinspringapp\KotlinSpringAppApplication.class]
11:42:44.828 [Test worker] INFO org.springframework.boot.test.context.SpringBootTestContextBootstrapper - Found @SpringBootConfiguration com.elearning.kotlinspringapp.KotlinSpringAppApplication for test class com.elearning.kotlinspringapp.service.UserServiceIMLTest
11:42:44.965 [Test worker] DEBUG org.springframework.boot.test.context.SpringBootTestContextBootstrapper - @TestExecutionListeners is not present for class [com.elearning.kotlinspringapp.service.UserServiceIMLTest]: using defaults.
11:42:44.966 [Test worker] INFO org.springframework.boot.test.context.SpringBootTestContextBootstrapper - Loaded default TestExecutionListener class names from location [META-INF/spring.factories]: [org.springframework.security.test.context.support.WithSecurityContextTestExecutionListener, org.springframework.security.test.context.support.ReactorContextTestExecutionListener, org.springframework.boot.test.autoconfigure.restdocs.RestDocsTestExecutionListener, org.springframework.boot.test.autoconfigure.web.client.MockRestServiceServerResetTestExecutionListener, org.springframework.boot.test.autoconfigure.web.servlet.MockMvcPrintOnlyOnFailureTestExecutionListener, org.springframework.boot.test.autoconfigure.web.servlet.WebDriverTestExecutionListener, org.springframework.boot.test.autoconfigure.webservices.client.MockWebServiceServerTestExecutionListener, org.springframework.boot.test.mock.mockito.MockitoTestExecutionListener, org.springframework.boot.test.mock.mockito.ResetMocksTestExecutionListener, org.springframework.test.context.web.ServletTestExecutionListener, org.springframework.test.context.support.DirtiesContextBeforeModesTestExecutionListener, org.springframework.test.context.event.ApplicationEventsTestExecutionListener, org.springframework.test.context.support.DependencyInjectionTestExecutionListener, org.springframework.test.context.support.DirtiesContextTestExecutionListener, org.springframework.test.context.transaction.TransactionalTestExecutionListener, org.springframework.test.context.jdbc.SqlScriptsTestExecutionListener, org.springframework.test.context.event.EventPublishingTestExecutionListener]
11:42:44.993 [Test worker] INFO org.springframework.boot.test.context.SpringBootTestContextBootstrapper - Using TestExecutionListeners: [org.springframework.test.context.web.ServletTestExecutionListener@25bcd0c7, org.springframework.test.context.support.DirtiesContextBeforeModesTestExecutionListener@32cb636e, org.springframework.test.context.event.ApplicationEventsTestExecutionListener@63cd604c, org.springframework.boot.test.mock.mockito.MockitoTestExecutionListener@40dd3977, org.springframework.boot.test.autoconfigure.SpringBootDependencyInjectionTestExecutionListener@3a4e343, org.springframework.test.context.support.DirtiesContextTestExecutionListener@6a1d204a, org.springframework.test.context.transaction.TransactionalTestExecutionListener@62dae245, org.springframework.test.context.jdbc.SqlScriptsTestExecutionListener@4b6579e8, org.springframework.security.test.context.support.WithSecurityContextTestExecutionListener@6fff253c, org.springframework.test.context.event.EventPublishingTestExecutionListener@6c6357f9, org.springframework.security.test.context.support.ReactorContextTestExecutionListener@591e58fa, org.springframework.boot.test.autoconfigure.restdocs.RestDocsTestExecutionListener@3954d008, org.springframework.boot.test.autoconfigure.web.client.MockRestServiceServerResetTestExecutionListener@2f94c4db, org.springframework.boot.test.autoconfigure.web.servlet.MockMvcPrintOnlyOnFailureTestExecutionListener@593e824f, org.springframework.boot.test.autoconfigure.web.servlet.WebDriverTestExecutionListener@72ccd81a, org.springframework.boot.test.autoconfigure.webservices.client.MockWebServiceServerTestExecutionListener@6d8792db, org.springframework.boot.test.mock.mockito.ResetMocksTestExecutionListener@64bc21ac]
11:42:44.998 [Test worker] DEBUG org.springframework.test.context.support.AbstractDirtiesContextTestExecutionListener - Before test class: context [DefaultTestContext@4a3e3e8b testClass = UserServiceIMLTest, testInstance = [null], testMethod = [null], testException = [null], mergedContextConfiguration = [WebMergedContextConfiguration@5af28b27 testClass = UserServiceIMLTest, locations = '{}', classes = '{class com.elearning.kotlinspringapp.KotlinSpringAppApplication}', contextInitializerClasses = '[]', activeProfiles = '{}', propertySourceLocations = '{}', propertySourceProperties = '{org.springframework.boot.test.context.SpringBootTestContextBootstrapper=true}', contextCustomizers = set[org.springframework.boot.test.autoconfigure.actuate.metrics.MetricsExportContextCustomizerFactory$DisableMetricExportContextCustomizer@2b4c1d96, org.springframework.boot.test.autoconfigure.properties.PropertyMappingContextCustomizer@0, org.springframework.boot.test.autoconfigure.web.servlet.WebDriverContextCustomizerFactory$Customizer@63f8276e, org.springframework.boot.test.context.filter.ExcludeFilterContextCustomizer@76012793, org.springframework.boot.test.json.DuplicateJsonObjectContextCustomizerFactory$DuplicateJsonObjectContextCustomizer@7a1a3478, org.springframework.boot.test.mock.mockito.MockitoContextCustomizer@0, org.springframework.boot.test.web.client.TestRestTemplateContextCustomizer@5023bb8b, org.springframework.boot.test.context.SpringBootTestArgs@1, org.springframework.boot.test.context.SpringBootTestWebEnvironment@485966cc], resourceBasePath = 'src/main/webapp', contextLoader = 'org.springframework.boot.test.context.SpringBootContextLoader', parent = [null]], attributes = map['org.springframework.test.context.web.ServletTestExecutionListener.activateListener' -> true]], class annotated with @DirtiesContext [false] with mode [null].

  .   ____          _            __ _ _
 /\\ / ___'_ __ _ _(_)_ __  __ _ \ \ \ \
( ( )\___ | '_ | '_| | '_ \/ _` | \ \ \ \
 \\/  ___)| |_)| | | | | || (_| |  ) ) ) )
  '  |____| .__|_| |_|_| |_\__, | / / / /
 =========|_|==============|___/=/_/_/_/
 :: Spring Boot ::                (v2.7.4)

2022-11-06 11:42:45.784  INFO 4024 --- [    Test worker] c.e.k.service.UserServiceIMLTest         : Starting UserServiceIMLTest using Java 16.0.2 on DESKTOP-0TRUU98 with PID 4024 (started by triba in C:\KotlinProject\KotlinSpringApp)
2022-11-06 11:42:45.787  INFO 4024 --- [    Test worker] c.e.k.service.UserServiceIMLTest         : No active profile set, falling back to 1 default profile: "default"
2022-11-06 11:42:47.137  INFO 4024 --- [    Test worker] .s.d.r.c.RepositoryConfigurationDelegate : Bootstrapping Spring Data JPA repositories in DEFAULT mode.
2022-11-06 11:42:47.228  INFO 4024 --- [    Test worker] .s.d.r.c.RepositoryConfigurationDelegate : Finished Spring Data repository scanning in 78 ms. Found 2 JPA repository interfaces.
2022-11-06 11:42:48.022  INFO 4024 --- [    Test worker] o.hibernate.jpa.internal.util.LogHelper  : HHH000204: Processing PersistenceUnitInfo [name: default]
2022-11-06 11:42:48.110  INFO 4024 --- [    Test worker] org.hibernate.Version                    : HHH000412: Hibernate ORM core version 5.6.11.Final
2022-11-06 11:42:48.355  INFO 4024 --- [    Test worker] o.hibernate.annotations.common.Version   : HCANN000001: Hibernate Commons Annotations {5.1.2.Final}
2022-11-06 11:42:48.514  INFO 4024 --- [    Test worker] com.zaxxer.hikari.HikariDataSource       : HikariPool-1 - Starting...
2022-11-06 11:42:48.967  INFO 4024 --- [    Test worker] com.zaxxer.hikari.HikariDataSource       : HikariPool-1 - Start completed.
2022-11-06 11:42:48.988  INFO 4024 --- [    Test worker] org.hibernate.dialect.Dialect            : HHH000400: Using dialect: org.hibernate.dialect.MySQL8Dialect
2022-11-06 11:42:49.798  INFO 4024 --- [    Test worker] o.h.e.t.j.p.i.JtaPlatformInitiator       : HHH000490: Using JtaPlatform implementation: [org.hibernate.engine.transaction.jta.platform.internal.NoJtaPlatform]
2022-11-06 11:42:49.808  INFO 4024 --- [    Test worker] j.LocalContainerEntityManagerFactoryBean : Initialized JPA EntityManagerFactory for persistence unit 'default'
2022-11-06 11:42:51.142  INFO 4024 --- [    Test worker] o.s.s.web.DefaultSecurityFilterChain     : Will secure any request with [org.springframework.security.web.session.DisableEncodeUrlFilter@1690929, org.springframework.security.web.context.request.async.WebAsyncManagerIntegrationFilter@34d26a68, org.springframework.security.web.context.SecurityContextPersistenceFilter@1c25385a, org.springframework.security.web.header.HeaderWriterFilter@744673f3, org.springframework.security.web.authentication.logout.LogoutFilter@7095b688, org.springframework.security.oauth2.client.web.OAuth2AuthorizationRequestRedirectFilter@6cd65042, org.springframework.security.oauth2.client.web.OAuth2LoginAuthenticationFilter@22a2e581, org.springframework.security.web.authentication.UsernamePasswordAuthenticationFilter@7077ae9c, org.springframework.security.web.session.ConcurrentSessionFilter@6c92a59d, org.springframework.security.web.savedrequest.RequestCacheAwareFilter@567baa55, org.springframework.security.web.servletapi.SecurityContextHolderAwareRequestFilter@63a9af28, org.springframework.security.web.authentication.AnonymousAuthenticationFilter@fef2768, org.springframework.security.web.session.SessionManagementFilter@6cb759d5, org.springframework.security.web.access.ExceptionTranslationFilter@42ea14b8, org.springframework.security.web.access.intercept.FilterSecurityInterceptor@61c4fc34]
2022-11-06 11:42:51.441  WARN 4024 --- [    Test worker] JpaBaseConfiguration$JpaWebConfiguration : spring.jpa.open-in-view is enabled by default. Therefore, database queries may be performed during view rendering. Explicitly configure spring.jpa.open-in-view to disable this warning
2022-11-06 11:42:51.857  INFO 4024 --- [    Test worker] o.s.b.a.w.s.WelcomePageHandlerMapping    : Adding welcome page template: index
2022-11-06 11:42:52.296  INFO 4024 --- [    Test worker] c.e.k.service.UserServiceIMLTest         : Started UserServiceIMLTest in 7.249 seconds (JVM running for 8.802)
2022-11-06 11:42:52.344  INFO 4024 --- [    Test worker] o.s.t.c.transaction.TransactionContext   : Began transaction (1) for test context [DefaultTestContext@4a3e3e8b testClass = UserServiceIMLTest, testInstance = com.elearning.kotlinspringapp.service.UserServiceIMLTest@4c897417, testMethod = getUser@UserServiceIMLTest, testException = [null], mergedContextConfiguration = [WebMergedContextConfiguration@5af28b27 testClass = UserServiceIMLTest, locations = '{}', classes = '{class com.elearning.kotlinspringapp.KotlinSpringAppApplication}', contextInitializerClasses = '[]', activeProfiles = '{}', propertySourceLocations = '{}', propertySourceProperties = '{org.springframework.boot.test.context.SpringBootTestContextBootstrapper=true}', contextCustomizers = set[org.springframework.boot.test.autoconfigure.actuate.metrics.MetricsExportContextCustomizerFactory$DisableMetricExportContextCustomizer@2b4c1d96, org.springframework.boot.test.autoconfigure.properties.PropertyMappingContextCustomizer@0, org.springframework.boot.test.autoconfigure.web.servlet.WebDriverContextCustomizerFactory$Customizer@63f8276e, org.springframework.boot.test.context.filter.ExcludeFilterContextCustomizer@76012793, org.springframework.boot.test.json.DuplicateJsonObjectContextCustomizerFactory$DuplicateJsonObjectContextCustomizer@7a1a3478, org.springframework.boot.test.mock.mockito.MockitoContextCustomizer@0, org.springframework.boot.test.web.client.TestRestTemplateContextCustomizer@5023bb8b, org.springframework.boot.test.context.SpringBootTestArgs@1, org.springframework.boot.test.context.SpringBootTestWebEnvironment@485966cc], resourceBasePath = 'src/main/webapp', contextLoader = 'org.springframework.boot.test.context.SpringBootContextLoader', parent = [null]], attributes = map['org.springframework.test.context.web.ServletTestExecutionListener.activateListener' -> true, 'org.springframework.test.context.web.ServletTestExecutionListener.populatedRequestContextHolder' -> true, 'org.springframework.test.context.web.ServletTestExecutionListener.resetRequestContextHolder' -> true, 'org.springframework.test.context.event.ApplicationEventsTestExecutionListener.recordApplicationEvents' -> false]]; transaction manager [org.springframework.orm.jpa.JpaTransactionManager@73b034ca]; rollback [true]
Hibernate: 
    select
        role0_.id as id1_0_,
        role0_.role_name as role_nam2_0_ 
    from
        role role0_ 
    where
        role0_.role_name=?
Hibernate: 
    insert 
    into
        user
        (avatar_image, email, login_provider, password, username) 
    values
        (?, ?, ?, ?, ?)
User(id=19, username='123', password='123', email=null, loginProvider=LOCAL, avatarImage=null, roles=[Role(id=1, roleName='ROLE_USER')])
2022-11-06 11:42:53.001  INFO 4024 --- [    Test worker] o.s.t.c.transaction.TransactionContext   : Rolled back transaction for test: [DefaultTestContext@4a3e3e8b testClass = UserServiceIMLTest, testInstance = com.elearning.kotlinspringapp.service.UserServiceIMLTest@4c897417, testMethod = getUser@UserServiceIMLTest, testException = [null], mergedContextConfiguration = [WebMergedContextConfiguration@5af28b27 testClass = UserServiceIMLTest, locations = '{}', classes = '{class com.elearning.kotlinspringapp.KotlinSpringAppApplication}', contextInitializerClasses = '[]', activeProfiles = '{}', propertySourceLocations = '{}', propertySourceProperties = '{org.springframework.boot.test.context.SpringBootTestContextBootstrapper=true}', contextCustomizers = set[org.springframework.boot.test.autoconfigure.actuate.metrics.MetricsExportContextCustomizerFactory$DisableMetricExportContextCustomizer@2b4c1d96, org.springframework.boot.test.autoconfigure.properties.PropertyMappingContextCustomizer@0, org.springframework.boot.test.autoconfigure.web.servlet.WebDriverContextCustomizerFactory$Customizer@63f8276e, org.springframework.boot.test.context.filter.ExcludeFilterContextCustomizer@76012793, org.springframework.boot.test.json.DuplicateJsonObjectContextCustomizerFactory$DuplicateJsonObjectContextCustomizer@7a1a3478, org.springframework.boot.test.mock.mockito.MockitoContextCustomizer@0, org.springframework.boot.test.web.client.TestRestTemplateContextCustomizer@5023bb8b, org.springframework.boot.test.context.SpringBootTestArgs@1, org.springframework.boot.test.context.SpringBootTestWebEnvironment@485966cc], resourceBasePath = 'src/main/webapp', contextLoader = 'org.springframework.boot.test.context.SpringBootContextLoader', parent = [null]], attributes = map['org.springframework.test.context.web.ServletTestExecutionListener.activateListener' -> true, 'org.springframework.test.context.web.ServletTestExecutionListener.populatedRequestContextHolder' -> true, 'org.springframework.test.context.web.ServletTestExecutionListener.resetRequestContextHolder' -> true, 'org.springframework.test.context.event.ApplicationEventsTestExecutionListener.recordApplicationEvents' -> false]]
]]></system-out>
  <system-err><![CDATA[]]></system-err>
</testsuite>
